-------------------------------------------------------------------------------
Test set: Verify GP practice in Scotland or Wales screen
-------------------------------------------------------------------------------
Tests run: 4, Failures: 0, Errors: 4, Skipped: 0, Time elapsed: 46.491 s <<< FAILURE! - in Verify GP practice in Scotland or Wales screen
Verify GP practice in Scotland or Wales screen.Validate user gets valid output on 'Is your GP practice in Scotland or Wales' screen #1  Time elapsed: 19.752 s  <<< ERROR!
java.lang.NullPointerException: Cannot invoke "org.openqa.selenium.WebElement.click()" because the return value of "org.openqa.selenium.WebDriver.findElement(org.openqa.selenium.By)" is null
	at pages.LandingPage.acceptCookies(LandingPage.java:20)
	at stepDefinitions.LandingScreenSteps.I_want_to_check_nhs_costs_online_service(LandingScreenSteps.java:38)
	at ✽.I want to check nhs costs online service(file:///C:/Users/Rajashr14742/eclipse-workspace/nhs_costs_online_service_acceptance_test/src/test/resources/features/Gp_In_Scotland_Or_Wales_Screen.feature:5)

Verify GP practice in Scotland or Wales screen.Validate user gets valid output on 'Is your GP practice in Scotland or Wales' screen #2  Time elapsed: 11.909 s  <<< ERROR!
java.lang.NullPointerException: Cannot invoke "org.openqa.selenium.WebElement.click()" because the return value of "org.openqa.selenium.WebDriver.findElement(org.openqa.selenium.By)" is null
	at pages.LandingPage.acceptCookies(LandingPage.java:20)
	at stepDefinitions.LandingScreenSteps.I_want_to_check_nhs_costs_online_service(LandingScreenSteps.java:38)
	at ✽.I want to check nhs costs online service(file:///C:/Users/Rajashr14742/eclipse-workspace/nhs_costs_online_service_acceptance_test/src/test/resources/features/Gp_In_Scotland_Or_Wales_Screen.feature:5)

Verify GP practice in Scotland or Wales screen.Validate user is able to click on back link #1  Time elapsed: 7.859 s  <<< ERROR!
java.lang.NullPointerException: Cannot invoke "org.openqa.selenium.WebElement.click()" because the return value of "org.openqa.selenium.WebDriver.findElement(org.openqa.selenium.By)" is null
	at pages.LandingPage.acceptCookies(LandingPage.java:20)
	at stepDefinitions.LandingScreenSteps.I_want_to_check_nhs_costs_online_service(LandingScreenSteps.java:38)
	at ✽.I want to check nhs costs online service(file:///C:/Users/Rajashr14742/eclipse-workspace/nhs_costs_online_service_acceptance_test/src/test/resources/features/Gp_In_Scotland_Or_Wales_Screen.feature:18)

Verify GP practice in Scotland or Wales screen.Validate user is able to click on back link #2  Time elapsed: 6.97 s  <<< ERROR!
java.lang.NullPointerException: Cannot invoke "org.openqa.selenium.WebElement.click()" because the return value of "org.openqa.selenium.WebDriver.findElement(org.openqa.selenium.By)" is null
	at pages.LandingPage.acceptCookies(LandingPage.java:20)
	at stepDefinitions.LandingScreenSteps.I_want_to_check_nhs_costs_online_service(LandingScreenSteps.java:38)
	at ✽.I want to check nhs costs online service(file:///C:/Users/Rajashr14742/eclipse-workspace/nhs_costs_online_service_acceptance_test/src/test/resources/features/Gp_In_Scotland_Or_Wales_Screen.feature:18)

